2023-03-05 00:58:25,682 WARN com.zaxxer.hikari.pool.HikariPool$HouseKeeper [HikariPool-1 housekeeper] HikariPool-1 - Thread starvation or clock leap detected (housekeeper delta=3h25m32s266ms836µs900ns).
2023-03-05 01:04:29,799 INFO org.springframework.test.context.support.AbstractTestContextBootstrapper [main] Neither @ContextConfiguration nor @ContextHierarchy found for test class [com.besysoft.bootcampspringboot.services.database.implementations.PeliculaServicioImplTest], using SpringBootContextLoader
2023-03-05 01:04:29,861 INFO org.springframework.test.context.support.AbstractContextLoader [main] Could not detect default resource locations for test class [com.besysoft.bootcampspringboot.services.database.implementations.PeliculaServicioImplTest]: no resource found for suffixes {-context.xml, Context.groovy}.
2023-03-05 01:04:29,865 INFO org.springframework.test.context.support.AnnotationConfigContextLoaderUtils [main] Could not detect default configuration classes for test class [com.besysoft.bootcampspringboot.services.database.implementations.PeliculaServicioImplTest]: PeliculaServicioImplTest does not declare any static, non-private, non-final, nested classes annotated with @Configuration.
2023-03-05 01:04:30,407 INFO org.springframework.boot.test.context.SpringBootTestContextBootstrapper [main] Found @SpringBootConfiguration com.besysoft.bootcampspringboot.BootcampSpringBootApplication for test class com.besysoft.bootcampspringboot.services.database.implementations.PeliculaServicioImplTest
2023-03-05 01:04:30,791 INFO org.springframework.test.context.support.AbstractTestContextBootstrapper [main] Loaded default TestExecutionListener class names from location [META-INF/spring.factories]: [org.springframework.boot.test.mock.mockito.MockitoTestExecutionListener, org.springframework.boot.test.mock.mockito.ResetMocksTestExecutionListener, org.springframework.boot.test.autoconfigure.restdocs.RestDocsTestExecutionListener, org.springframework.boot.test.autoconfigure.web.client.MockRestServiceServerResetTestExecutionListener, org.springframework.boot.test.autoconfigure.web.servlet.MockMvcPrintOnlyOnFailureTestExecutionListener, org.springframework.boot.test.autoconfigure.web.servlet.WebDriverTestExecutionListener, org.springframework.boot.test.autoconfigure.webservices.client.MockWebServiceServerTestExecutionListener, org.springframework.test.context.web.ServletTestExecutionListener, org.springframework.test.context.support.DirtiesContextBeforeModesTestExecutionListener, org.springframework.test.context.event.ApplicationEventsTestExecutionListener, org.springframework.test.context.support.DependencyInjectionTestExecutionListener, org.springframework.test.context.support.DirtiesContextTestExecutionListener, org.springframework.test.context.transaction.TransactionalTestExecutionListener, org.springframework.test.context.jdbc.SqlScriptsTestExecutionListener, org.springframework.test.context.event.EventPublishingTestExecutionListener]
2023-03-05 01:04:30,882 INFO org.springframework.test.context.support.AbstractTestContextBootstrapper [main] Using TestExecutionListeners: [org.springframework.test.context.web.ServletTestExecutionListener@3f23a3a0, org.springframework.test.context.support.DirtiesContextBeforeModesTestExecutionListener@5ab14cb9, org.springframework.test.context.event.ApplicationEventsTestExecutionListener@5fb97279, org.springframework.boot.test.mock.mockito.MockitoTestExecutionListener@439a8f59, org.springframework.boot.test.autoconfigure.SpringBootDependencyInjectionTestExecutionListener@61861a29, org.springframework.test.context.support.DirtiesContextTestExecutionListener@31024624, org.springframework.test.context.transaction.TransactionalTestExecutionListener@25bcd0c7, org.springframework.test.context.jdbc.SqlScriptsTestExecutionListener@32cb636e, org.springframework.test.context.event.EventPublishingTestExecutionListener@63cd604c, org.springframework.boot.test.mock.mockito.ResetMocksTestExecutionListener@40dd3977, org.springframework.boot.test.autoconfigure.restdocs.RestDocsTestExecutionListener@3a4e343, org.springframework.boot.test.autoconfigure.web.client.MockRestServiceServerResetTestExecutionListener@6a1d204a, org.springframework.boot.test.autoconfigure.web.servlet.MockMvcPrintOnlyOnFailureTestExecutionListener@62dae245, org.springframework.boot.test.autoconfigure.web.servlet.WebDriverTestExecutionListener@4b6579e8, org.springframework.boot.test.autoconfigure.webservices.client.MockWebServiceServerTestExecutionListener@6fff253c]
2023-03-05 01:04:32,321 INFO org.springframework.boot.StartupInfoLogger [main] Starting PeliculaServicioImplTest using Java 11.0.16.1 on DESKTOP-6QN26DG with PID 12316 (started by Jorge in C:\Users\Jorge\Desktop\Curso Besysoft\Ejercicio 4)
2023-03-05 01:04:32,326 INFO org.springframework.boot.SpringApplication [main] No active profile set, falling back to 1 default profile: "default"
2023-03-05 01:04:32,543 INFO org.hibernate.validator.internal.util.Version [background-preinit] HV000001: Hibernate Validator 6.2.5.Final
2023-03-05 01:04:35,952 INFO org.springframework.data.repository.config.RepositoryConfigurationDelegate [main] Bootstrapping Spring Data JPA repositories in DEFAULT mode.
2023-03-05 01:04:36,294 INFO org.springframework.data.repository.config.RepositoryConfigurationDelegate [main] Finished Spring Data repository scanning in 308 ms. Found 3 JPA repository interfaces.
2023-03-05 01:04:44,004 INFO com.zaxxer.hikari.HikariDataSource [main] HikariPool-1 - Starting...
2023-03-05 01:04:45,271 INFO com.zaxxer.hikari.HikariDataSource [main] HikariPool-1 - Start completed.
2023-03-05 01:04:45,676 INFO org.hibernate.jpa.internal.util.LogHelper [main] HHH000204: Processing PersistenceUnitInfo [name: default]
2023-03-05 01:04:46,017 INFO org.hibernate.Version [main] HHH000412: Hibernate ORM core version 5.6.14.Final
2023-03-05 01:04:46,304 INFO org.hibernate.annotations.common.reflection.java.JavaReflectionManager [main] HCANN000001: Hibernate Commons Annotations {5.1.2.Final}
2023-03-05 01:04:47,678 INFO org.hibernate.dialect.Dialect [main] HHH000400: Using dialect: org.hibernate.dialect.H2Dialect
2023-03-05 01:04:50,013 INFO org.hibernate.tool.schema.internal.exec.AbstractScriptSourceInput [main] HHH000476: Executing import script 'file:/C:/Users/Jorge/Desktop/Curso%20Besysoft/Ejercicio%204/target/test-classes/import.sql'
2023-03-05 01:04:50,192 INFO org.hibernate.engine.transaction.jta.platform.internal.JtaPlatformInitiator [main] HHH000490: Using JtaPlatform implementation: [org.hibernate.engine.transaction.jta.platform.internal.NoJtaPlatform]
2023-03-05 01:04:50,229 INFO org.springframework.orm.jpa.AbstractEntityManagerFactoryBean [main] Initialized JPA EntityManagerFactory for persistence unit 'default'
2023-03-05 01:04:53,523 WARN org.springframework.boot.autoconfigure.orm.jpa.JpaBaseConfiguration$JpaWebConfiguration [main] spring.jpa.open-in-view is enabled by default. Therefore, database queries may be performed during view rendering. Explicitly configure spring.jpa.open-in-view to disable this warning
2023-03-05 01:04:55,973 INFO org.springframework.boot.StartupInfoLogger [main] Started PeliculaServicioImplTest in 24.864 seconds (JVM running for 30.185)
2023-03-05 01:04:56,468 INFO org.springframework.orm.jpa.AbstractEntityManagerFactoryBean [SpringApplicationShutdownHook] Closing JPA EntityManagerFactory for persistence unit 'default'
2023-03-05 01:04:56,470 INFO org.hibernate.tool.schema.internal.SchemaDropperImpl$DelayedDropActionImpl [SpringApplicationShutdownHook] HHH000477: Starting delayed evictData of schema as part of SessionFactory shut-down'
2023-03-05 01:04:56,481 WARN org.hibernate.engine.jdbc.spi.SqlExceptionHelper [SpringApplicationShutdownHook] SQL Error: 90121, SQLState: 90121
2023-03-05 01:04:56,481 ERROR org.hibernate.engine.jdbc.spi.SqlExceptionHelper [SpringApplicationShutdownHook] La base de datos ya esta cerrada (para des-habilitar el cerrado automatico durante el shutdown de la VM, agregue ";DB_CLOSE_ON_EXIT=FALSE" a la URL de conexión)
Database is already closed (to disable automatic closing at VM shutdown, add ";DB_CLOSE_ON_EXIT=FALSE" to the db URL) [90121-214]
2023-03-05 01:04:56,485 WARN org.hibernate.engine.jdbc.spi.SqlExceptionHelper [SpringApplicationShutdownHook] SQL Error: 90121, SQLState: 90121
2023-03-05 01:04:56,486 ERROR org.hibernate.engine.jdbc.spi.SqlExceptionHelper [SpringApplicationShutdownHook] La base de datos ya esta cerrada (para des-habilitar el cerrado automatico durante el shutdown de la VM, agregue ";DB_CLOSE_ON_EXIT=FALSE" a la URL de conexión)
Database is already closed (to disable automatic closing at VM shutdown, add ";DB_CLOSE_ON_EXIT=FALSE" to the db URL) [90121-214]
2023-03-05 01:04:56,487 WARN org.springframework.beans.factory.support.DisposableBeanAdapter [SpringApplicationShutdownHook] Invocation of destroy method failed on bean with name 'entityManagerFactory': org.hibernate.exception.JDBCConnectionException: Unable to release JDBC Connection used for DDL execution
2023-03-05 01:04:56,489 INFO com.zaxxer.hikari.HikariDataSource [SpringApplicationShutdownHook] HikariPool-1 - Shutdown initiated...
2023-03-05 01:04:56,505 INFO com.zaxxer.hikari.HikariDataSource [SpringApplicationShutdownHook] HikariPool-1 - Shutdown completed.
