2023-03-04 17:05:00,085 INFO org.hibernate.engine.transaction.jta.platform.internal.JtaPlatformInitiator [main] HHH000490: Using JtaPlatform implementation: [org.hibernate.engine.transaction.jta.platform.internal.NoJtaPlatform]
2023-03-04 17:05:00,212 INFO org.springframework.orm.jpa.AbstractEntityManagerFactoryBean [main] Initialized JPA EntityManagerFactory for persistence unit 'default'
2023-03-04 17:05:07,265 WARN org.springframework.boot.autoconfigure.orm.jpa.JpaBaseConfiguration$JpaWebConfiguration [main] spring.jpa.open-in-view is enabled by default. Therefore, database queries may be performed during view rendering. Explicitly configure spring.jpa.open-in-view to disable this warning
2023-03-04 17:05:12,870 INFO org.springframework.boot.StartupInfoLogger [main] Started GeneroServiceImplTest in 35.845 seconds (JVM running for 44.669)
2023-03-04 17:05:13,947 INFO org.springframework.test.context.support.AbstractTestContextBootstrapper [main] Neither @ContextConfiguration nor @ContextHierarchy found for test class [com.besysoft.bootcampspringboot.services.database.implementations.PersonajeServicioImplTest], using SpringBootContextLoader
2023-03-04 17:05:13,974 INFO org.springframework.test.context.support.AbstractContextLoader [main] Could not detect default resource locations for test class [com.besysoft.bootcampspringboot.services.database.implementations.PersonajeServicioImplTest]: no resource found for suffixes {-context.xml, Context.groovy}.
2023-03-04 17:05:13,981 INFO org.springframework.test.context.support.AnnotationConfigContextLoaderUtils [main] Could not detect default configuration classes for test class [com.besysoft.bootcampspringboot.services.database.implementations.PersonajeServicioImplTest]: PersonajeServicioImplTest does not declare any static, non-private, non-final, nested classes annotated with @Configuration.
2023-03-04 17:05:14,040 INFO org.springframework.boot.test.context.SpringBootTestContextBootstrapper [main] Found @SpringBootConfiguration com.besysoft.bootcampspringboot.BootcampSpringBootApplication for test class com.besysoft.bootcampspringboot.services.database.implementations.PersonajeServicioImplTest
2023-03-04 17:05:14,078 INFO org.springframework.test.context.support.AbstractTestContextBootstrapper [main] Loaded default TestExecutionListener class names from location [META-INF/spring.factories]: [org.springframework.boot.test.mock.mockito.MockitoTestExecutionListener, org.springframework.boot.test.mock.mockito.ResetMocksTestExecutionListener, org.springframework.boot.test.autoconfigure.restdocs.RestDocsTestExecutionListener, org.springframework.boot.test.autoconfigure.web.client.MockRestServiceServerResetTestExecutionListener, org.springframework.boot.test.autoconfigure.web.servlet.MockMvcPrintOnlyOnFailureTestExecutionListener, org.springframework.boot.test.autoconfigure.web.servlet.WebDriverTestExecutionListener, org.springframework.boot.test.autoconfigure.webservices.client.MockWebServiceServerTestExecutionListener, org.springframework.test.context.web.ServletTestExecutionListener, org.springframework.test.context.support.DirtiesContextBeforeModesTestExecutionListener, org.springframework.test.context.event.ApplicationEventsTestExecutionListener, org.springframework.test.context.support.DependencyInjectionTestExecutionListener, org.springframework.test.context.support.DirtiesContextTestExecutionListener, org.springframework.test.context.transaction.TransactionalTestExecutionListener, org.springframework.test.context.jdbc.SqlScriptsTestExecutionListener, org.springframework.test.context.event.EventPublishingTestExecutionListener]
2023-03-04 17:05:14,114 INFO org.springframework.test.context.support.AbstractTestContextBootstrapper [main] Using TestExecutionListeners: [org.springframework.test.context.web.ServletTestExecutionListener@1be3e952, org.springframework.test.context.support.DirtiesContextBeforeModesTestExecutionListener@818a514, org.springframework.test.context.event.ApplicationEventsTestExecutionListener@7004cd44, org.springframework.boot.test.mock.mockito.MockitoTestExecutionListener@495e1ad1, org.springframework.boot.test.autoconfigure.SpringBootDependencyInjectionTestExecutionListener@4d73d3d1, org.springframework.test.context.support.DirtiesContextTestExecutionListener@eef6e, org.springframework.test.context.transaction.TransactionalTestExecutionListener@56b66cc6, org.springframework.test.context.jdbc.SqlScriptsTestExecutionListener@6f076c53, org.springframework.test.context.event.EventPublishingTestExecutionListener@3c39c739, org.springframework.boot.test.mock.mockito.ResetMocksTestExecutionListener@4b3b2a4f, org.springframework.boot.test.autoconfigure.restdocs.RestDocsTestExecutionListener@2e8eafb2, org.springframework.boot.test.autoconfigure.web.client.MockRestServiceServerResetTestExecutionListener@7a3f3bc4, org.springframework.boot.test.autoconfigure.web.servlet.MockMvcPrintOnlyOnFailureTestExecutionListener@8cd2bb5, org.springframework.boot.test.autoconfigure.web.servlet.WebDriverTestExecutionListener@1a3611b1, org.springframework.boot.test.autoconfigure.webservices.client.MockWebServiceServerTestExecutionListener@419ece7a]
2023-03-04 17:05:14,473 INFO org.springframework.boot.StartupInfoLogger [main] Starting PersonajeServicioImplTest using Java 11.0.16.1 on DESKTOP-6QN26DG with PID 6316 (started by Jorge in C:\Users\Jorge\Desktop\Curso Besysoft\Ejercicio 4)
2023-03-04 17:05:14,482 INFO org.springframework.boot.SpringApplication [main] No active profile set, falling back to 1 default profile: "default"
2023-03-04 17:05:16,828 INFO org.springframework.data.repository.config.RepositoryConfigurationDelegate [main] Bootstrapping Spring Data JPA repositories in DEFAULT mode.
2023-03-04 17:05:17,190 INFO org.springframework.data.repository.config.RepositoryConfigurationDelegate [main] Finished Spring Data repository scanning in 358 ms. Found 3 JPA repository interfaces.
2023-03-04 17:05:18,288 INFO com.zaxxer.hikari.HikariDataSource [main] HikariPool-2 - Starting...
2023-03-04 17:05:18,293 INFO com.zaxxer.hikari.HikariDataSource [main] HikariPool-2 - Start completed.
2023-03-04 17:05:18,394 INFO org.hibernate.jpa.internal.util.LogHelper [main] HHH000204: Processing PersistenceUnitInfo [name: default]
2023-03-04 17:05:18,494 INFO org.hibernate.dialect.Dialect [main] HHH000400: Using dialect: org.hibernate.dialect.H2Dialect
2023-03-04 17:05:18,999 INFO org.hibernate.tool.schema.internal.exec.AbstractScriptSourceInput [main] HHH000476: Executing import script 'file:/C:/Users/Jorge/Desktop/Curso%20Besysoft/Ejercicio%204/target/test-classes/import.sql'
2023-03-04 17:05:19,349 INFO org.hibernate.engine.transaction.jta.platform.internal.JtaPlatformInitiator [main] HHH000490: Using JtaPlatform implementation: [org.hibernate.engine.transaction.jta.platform.internal.NoJtaPlatform]
2023-03-04 17:05:19,351 INFO org.springframework.orm.jpa.AbstractEntityManagerFactoryBean [main] Initialized JPA EntityManagerFactory for persistence unit 'default'
2023-03-04 17:05:21,108 WARN org.springframework.boot.autoconfigure.orm.jpa.JpaBaseConfiguration$JpaWebConfiguration [main] spring.jpa.open-in-view is enabled by default. Therefore, database queries may be performed during view rendering. Explicitly configure spring.jpa.open-in-view to disable this warning
2023-03-04 17:05:24,404 INFO org.springframework.boot.StartupInfoLogger [main] Started PersonajeServicioImplTest in 10.28 seconds (JVM running for 56.203)
2023-03-04 17:05:25,877 INFO org.springframework.orm.jpa.AbstractEntityManagerFactoryBean [SpringApplicationShutdownHook] Closing JPA EntityManagerFactory for persistence unit 'default'
2023-03-04 17:05:25,881 INFO org.hibernate.tool.schema.internal.SchemaDropperImpl$DelayedDropActionImpl [SpringApplicationShutdownHook] HHH000477: Starting delayed evictData of schema as part of SessionFactory shut-down'
2023-03-04 17:05:26,238 INFO com.zaxxer.hikari.HikariDataSource [SpringApplicationShutdownHook] HikariPool-1 - Shutdown initiated...
2023-03-04 17:05:26,316 INFO com.zaxxer.hikari.HikariDataSource [SpringApplicationShutdownHook] HikariPool-1 - Shutdown completed.
2023-03-04 17:05:26,927 INFO org.springframework.orm.jpa.AbstractEntityManagerFactoryBean [SpringApplicationShutdownHook] Closing JPA EntityManagerFactory for persistence unit 'default'
2023-03-04 17:05:26,928 INFO org.hibernate.tool.schema.internal.SchemaDropperImpl$DelayedDropActionImpl [SpringApplicationShutdownHook] HHH000477: Starting delayed evictData of schema as part of SessionFactory shut-down'
2023-03-04 17:05:27,419 INFO com.zaxxer.hikari.HikariDataSource [SpringApplicationShutdownHook] HikariPool-2 - Shutdown initiated...
2023-03-04 17:05:27,427 INFO com.zaxxer.hikari.HikariDataSource [SpringApplicationShutdownHook] HikariPool-2 - Shutdown completed.
