2023-03-04 15:34:00,017 INFO org.springframework.test.context.support.AbstractTestContextBootstrapper [main] Neither @ContextConfiguration nor @ContextHierarchy found for test class [com.besysoft.bootcampspringboot.services.database.implementations.PersonajeServicioImplTest], using SpringBootContextLoader
2023-03-04 15:34:00,086 INFO org.springframework.test.context.support.AbstractContextLoader [main] Could not detect default resource locations for test class [com.besysoft.bootcampspringboot.services.database.implementations.PersonajeServicioImplTest]: no resource found for suffixes {-context.xml, Context.groovy}.
2023-03-04 15:34:00,097 INFO org.springframework.test.context.support.AnnotationConfigContextLoaderUtils [main] Could not detect default configuration classes for test class [com.besysoft.bootcampspringboot.services.database.implementations.PersonajeServicioImplTest]: PersonajeServicioImplTest does not declare any static, non-private, non-final, nested classes annotated with @Configuration.
2023-03-04 15:34:00,814 INFO org.springframework.boot.test.context.SpringBootTestContextBootstrapper [main] Found @SpringBootConfiguration com.besysoft.bootcampspringboot.BootcampSpringBootApplication for test class com.besysoft.bootcampspringboot.services.database.implementations.PersonajeServicioImplTest
2023-03-04 15:34:01,539 INFO org.springframework.test.context.support.AbstractTestContextBootstrapper [main] Loaded default TestExecutionListener class names from location [META-INF/spring.factories]: [org.springframework.boot.test.mock.mockito.MockitoTestExecutionListener, org.springframework.boot.test.mock.mockito.ResetMocksTestExecutionListener, org.springframework.boot.test.autoconfigure.restdocs.RestDocsTestExecutionListener, org.springframework.boot.test.autoconfigure.web.client.MockRestServiceServerResetTestExecutionListener, org.springframework.boot.test.autoconfigure.web.servlet.MockMvcPrintOnlyOnFailureTestExecutionListener, org.springframework.boot.test.autoconfigure.web.servlet.WebDriverTestExecutionListener, org.springframework.boot.test.autoconfigure.webservices.client.MockWebServiceServerTestExecutionListener, org.springframework.test.context.web.ServletTestExecutionListener, org.springframework.test.context.support.DirtiesContextBeforeModesTestExecutionListener, org.springframework.test.context.event.ApplicationEventsTestExecutionListener, org.springframework.test.context.support.DependencyInjectionTestExecutionListener, org.springframework.test.context.support.DirtiesContextTestExecutionListener, org.springframework.test.context.transaction.TransactionalTestExecutionListener, org.springframework.test.context.jdbc.SqlScriptsTestExecutionListener, org.springframework.test.context.event.EventPublishingTestExecutionListener]
2023-03-04 15:34:01,644 INFO org.springframework.test.context.support.AbstractTestContextBootstrapper [main] Using TestExecutionListeners: [org.springframework.test.context.web.ServletTestExecutionListener@2d10e0b1, org.springframework.test.context.support.DirtiesContextBeforeModesTestExecutionListener@1c98290c, org.springframework.test.context.event.ApplicationEventsTestExecutionListener@172ca72b, org.springframework.boot.test.mock.mockito.MockitoTestExecutionListener@5bda80bf, org.springframework.boot.test.autoconfigure.SpringBootDependencyInjectionTestExecutionListener@71e5f61d, org.springframework.test.context.support.DirtiesContextTestExecutionListener@2ce86164, org.springframework.test.context.transaction.TransactionalTestExecutionListener@5e8f9e2d, org.springframework.test.context.jdbc.SqlScriptsTestExecutionListener@51df223b, org.springframework.test.context.event.EventPublishingTestExecutionListener@fd46303, org.springframework.boot.test.mock.mockito.ResetMocksTestExecutionListener@60d8c0dc, org.springframework.boot.test.autoconfigure.restdocs.RestDocsTestExecutionListener@4204541c, org.springframework.boot.test.autoconfigure.web.client.MockRestServiceServerResetTestExecutionListener@6a62689d, org.springframework.boot.test.autoconfigure.web.servlet.MockMvcPrintOnlyOnFailureTestExecutionListener@4602c2a9, org.springframework.boot.test.autoconfigure.web.servlet.WebDriverTestExecutionListener@60fa3495, org.springframework.boot.test.autoconfigure.webservices.client.MockWebServiceServerTestExecutionListener@3e2822]
2023-03-04 15:34:03,705 INFO org.springframework.boot.StartupInfoLogger [main] Starting PersonajeServicioImplTest using Java 11.0.16.1 on DESKTOP-6QN26DG with PID 2904 (started by Jorge in C:\Users\Jorge\Desktop\Curso Besysoft\Ejercicio 4)
2023-03-04 15:34:03,709 INFO org.springframework.boot.SpringApplication [main] No active profile set, falling back to 1 default profile: "default"
2023-03-04 15:34:03,872 INFO org.hibernate.validator.internal.util.Version [background-preinit] HV000001: Hibernate Validator 6.2.5.Final
2023-03-04 15:34:07,653 INFO org.springframework.data.repository.config.RepositoryConfigurationDelegate [main] Bootstrapping Spring Data JPA repositories in DEFAULT mode.
2023-03-04 15:34:08,182 INFO org.springframework.data.repository.config.RepositoryConfigurationDelegate [main] Finished Spring Data repository scanning in 483 ms. Found 3 JPA repository interfaces.
2023-03-04 15:34:13,690 INFO com.zaxxer.hikari.HikariDataSource [main] HikariPool-1 - Starting...
2023-03-04 15:34:15,289 INFO com.zaxxer.hikari.HikariDataSource [main] HikariPool-1 - Start completed.
2023-03-04 15:34:15,740 INFO org.hibernate.jpa.internal.util.LogHelper [main] HHH000204: Processing PersistenceUnitInfo [name: default]
2023-03-04 15:34:16,250 INFO org.hibernate.Version [main] HHH000412: Hibernate ORM core version 5.6.14.Final
2023-03-04 15:34:16,552 INFO org.hibernate.annotations.common.reflection.java.JavaReflectionManager [main] HCANN000001: Hibernate Commons Annotations {5.1.2.Final}
2023-03-04 15:34:18,433 INFO org.hibernate.dialect.Dialect [main] HHH000400: Using dialect: org.hibernate.dialect.H2Dialect
2023-03-04 15:34:26,869 INFO org.hibernate.tool.schema.internal.exec.AbstractScriptSourceInput [main] HHH000476: Executing import script 'file:/C:/Users/Jorge/Desktop/Curso%20Besysoft/Ejercicio%204/target/test-classes/import.sql'
2023-03-04 15:34:27,167 INFO org.hibernate.engine.transaction.jta.platform.internal.JtaPlatformInitiator [main] HHH000490: Using JtaPlatform implementation: [org.hibernate.engine.transaction.jta.platform.internal.NoJtaPlatform]
2023-03-04 15:34:27,220 INFO org.springframework.orm.jpa.AbstractEntityManagerFactoryBean [main] Initialized JPA EntityManagerFactory for persistence unit 'default'
2023-03-04 15:34:31,869 WARN org.springframework.boot.autoconfigure.orm.jpa.JpaBaseConfiguration$JpaWebConfiguration [main] spring.jpa.open-in-view is enabled by default. Therefore, database queries may be performed during view rendering. Explicitly configure spring.jpa.open-in-view to disable this warning
2023-03-04 15:34:35,295 INFO org.springframework.boot.StartupInfoLogger [main] Started PersonajeServicioImplTest in 33.406 seconds (JVM running for 40.594)
2023-03-04 15:34:36,562 INFO org.springframework.orm.jpa.AbstractEntityManagerFactoryBean [SpringApplicationShutdownHook] Closing JPA EntityManagerFactory for persistence unit 'default'
2023-03-04 15:34:36,566 INFO org.hibernate.tool.schema.internal.SchemaDropperImpl$DelayedDropActionImpl [SpringApplicationShutdownHook] HHH000477: Starting delayed evictData of schema as part of SessionFactory shut-down'
2023-03-04 15:34:36,583 WARN org.hibernate.engine.jdbc.spi.SqlExceptionHelper [SpringApplicationShutdownHook] SQL Error: 90121, SQLState: 90121
2023-03-04 15:34:36,584 ERROR org.hibernate.engine.jdbc.spi.SqlExceptionHelper [SpringApplicationShutdownHook] La base de datos ya esta cerrada (para des-habilitar el cerrado automatico durante el shutdown de la VM, agregue ";DB_CLOSE_ON_EXIT=FALSE" a la URL de conexión)
Database is already closed (to disable automatic closing at VM shutdown, add ";DB_CLOSE_ON_EXIT=FALSE" to the db URL) [90121-214]
2023-03-04 15:34:36,588 WARN org.hibernate.engine.jdbc.spi.SqlExceptionHelper [SpringApplicationShutdownHook] SQL Error: 90121, SQLState: 90121
2023-03-04 15:34:36,590 ERROR org.hibernate.engine.jdbc.spi.SqlExceptionHelper [SpringApplicationShutdownHook] La base de datos ya esta cerrada (para des-habilitar el cerrado automatico durante el shutdown de la VM, agregue ";DB_CLOSE_ON_EXIT=FALSE" a la URL de conexión)
Database is already closed (to disable automatic closing at VM shutdown, add ";DB_CLOSE_ON_EXIT=FALSE" to the db URL) [90121-214]
2023-03-04 15:34:36,592 WARN org.springframework.beans.factory.support.DisposableBeanAdapter [SpringApplicationShutdownHook] Invocation of destroy method failed on bean with name 'entityManagerFactory': org.hibernate.exception.JDBCConnectionException: Unable to release JDBC Connection used for DDL execution
2023-03-04 15:34:36,595 INFO com.zaxxer.hikari.HikariDataSource [SpringApplicationShutdownHook] HikariPool-1 - Shutdown initiated...
2023-03-04 15:34:36,611 INFO com.zaxxer.hikari.HikariDataSource [SpringApplicationShutdownHook] HikariPool-1 - Shutdown completed.
