2023-03-04 16:20:00,649 INFO org.springframework.test.context.support.AbstractTestContextBootstrapper [main] Loaded default TestExecutionListener class names from location [META-INF/spring.factories]: [org.springframework.boot.test.mock.mockito.MockitoTestExecutionListener, org.springframework.boot.test.mock.mockito.ResetMocksTestExecutionListener, org.springframework.boot.test.autoconfigure.restdocs.RestDocsTestExecutionListener, org.springframework.boot.test.autoconfigure.web.client.MockRestServiceServerResetTestExecutionListener, org.springframework.boot.test.autoconfigure.web.servlet.MockMvcPrintOnlyOnFailureTestExecutionListener, org.springframework.boot.test.autoconfigure.web.servlet.WebDriverTestExecutionListener, org.springframework.boot.test.autoconfigure.webservices.client.MockWebServiceServerTestExecutionListener, org.springframework.test.context.web.ServletTestExecutionListener, org.springframework.test.context.support.DirtiesContextBeforeModesTestExecutionListener, org.springframework.test.context.event.ApplicationEventsTestExecutionListener, org.springframework.test.context.support.DependencyInjectionTestExecutionListener, org.springframework.test.context.support.DirtiesContextTestExecutionListener, org.springframework.test.context.transaction.TransactionalTestExecutionListener, org.springframework.test.context.jdbc.SqlScriptsTestExecutionListener, org.springframework.test.context.event.EventPublishingTestExecutionListener]
2023-03-04 16:20:00,899 INFO org.springframework.test.context.support.AbstractTestContextBootstrapper [main] Using TestExecutionListeners: [org.springframework.test.context.web.ServletTestExecutionListener@31024624, org.springframework.test.context.support.DirtiesContextBeforeModesTestExecutionListener@25bcd0c7, org.springframework.test.context.event.ApplicationEventsTestExecutionListener@32cb636e, org.springframework.boot.test.mock.mockito.MockitoTestExecutionListener@63cd604c, org.springframework.boot.test.autoconfigure.SpringBootDependencyInjectionTestExecutionListener@40dd3977, org.springframework.test.context.support.DirtiesContextTestExecutionListener@3a4e343, org.springframework.test.context.transaction.TransactionalTestExecutionListener@6a1d204a, org.springframework.test.context.jdbc.SqlScriptsTestExecutionListener@62dae245, org.springframework.test.context.event.EventPublishingTestExecutionListener@4b6579e8, org.springframework.boot.test.mock.mockito.ResetMocksTestExecutionListener@6fff253c, org.springframework.boot.test.autoconfigure.restdocs.RestDocsTestExecutionListener@6c6357f9, org.springframework.boot.test.autoconfigure.web.client.MockRestServiceServerResetTestExecutionListener@591e58fa, org.springframework.boot.test.autoconfigure.web.servlet.MockMvcPrintOnlyOnFailureTestExecutionListener@3954d008, org.springframework.boot.test.autoconfigure.web.servlet.WebDriverTestExecutionListener@2f94c4db, org.springframework.boot.test.autoconfigure.webservices.client.MockWebServiceServerTestExecutionListener@593e824f]
2023-03-04 16:20:03,960 INFO org.springframework.boot.StartupInfoLogger [main] Starting PersonajeServicioImplTest using Java 11.0.16.1 on DESKTOP-6QN26DG with PID 4464 (started by Jorge in C:\Users\Jorge\Desktop\Curso Besysoft\Ejercicio 4)
2023-03-04 16:20:03,966 INFO org.springframework.boot.SpringApplication [main] No active profile set, falling back to 1 default profile: "default"
2023-03-04 16:20:04,211 INFO org.hibernate.validator.internal.util.Version [background-preinit] HV000001: Hibernate Validator 6.2.5.Final
2023-03-04 16:20:10,316 INFO org.springframework.data.repository.config.RepositoryConfigurationDelegate [main] Bootstrapping Spring Data JPA repositories in DEFAULT mode.
2023-03-04 16:20:11,005 INFO org.springframework.data.repository.config.RepositoryConfigurationDelegate [main] Finished Spring Data repository scanning in 592 ms. Found 3 JPA repository interfaces.
2023-03-04 16:20:17,904 INFO com.zaxxer.hikari.HikariDataSource [main] HikariPool-1 - Starting...
2023-03-04 16:20:20,052 INFO com.zaxxer.hikari.HikariDataSource [main] HikariPool-1 - Start completed.
2023-03-04 16:20:20,821 INFO org.hibernate.jpa.internal.util.LogHelper [main] HHH000204: Processing PersistenceUnitInfo [name: default]
2023-03-04 16:20:21,486 INFO org.hibernate.Version [main] HHH000412: Hibernate ORM core version 5.6.14.Final
2023-03-04 16:20:21,946 INFO org.hibernate.annotations.common.reflection.java.JavaReflectionManager [main] HCANN000001: Hibernate Commons Annotations {5.1.2.Final}
2023-03-04 16:20:24,181 INFO org.hibernate.dialect.Dialect [main] HHH000400: Using dialect: org.hibernate.dialect.H2Dialect
2023-03-04 16:20:28,952 INFO org.hibernate.tool.schema.internal.exec.AbstractScriptSourceInput [main] HHH000476: Executing import script 'file:/C:/Users/Jorge/Desktop/Curso%20Besysoft/Ejercicio%204/target/test-classes/import.sql'
2023-03-04 16:20:29,343 INFO org.hibernate.engine.transaction.jta.platform.internal.JtaPlatformInitiator [main] HHH000490: Using JtaPlatform implementation: [org.hibernate.engine.transaction.jta.platform.internal.NoJtaPlatform]
2023-03-04 16:20:29,427 INFO org.springframework.orm.jpa.AbstractEntityManagerFactoryBean [main] Initialized JPA EntityManagerFactory for persistence unit 'default'
2023-03-04 16:20:36,722 WARN org.springframework.boot.autoconfigure.orm.jpa.JpaBaseConfiguration$JpaWebConfiguration [main] spring.jpa.open-in-view is enabled by default. Therefore, database queries may be performed during view rendering. Explicitly configure spring.jpa.open-in-view to disable this warning
2023-03-04 16:20:41,072 INFO org.springframework.boot.StartupInfoLogger [main] Started PersonajeServicioImplTest in 39.686 seconds (JVM running for 50.414)
2023-03-04 16:20:42,709 INFO org.springframework.orm.jpa.AbstractEntityManagerFactoryBean [SpringApplicationShutdownHook] Closing JPA EntityManagerFactory for persistence unit 'default'
2023-03-04 16:20:42,712 INFO org.hibernate.tool.schema.internal.SchemaDropperImpl$DelayedDropActionImpl [SpringApplicationShutdownHook] HHH000477: Starting delayed evictData of schema as part of SessionFactory shut-down'
2023-03-04 16:20:42,724 WARN org.hibernate.engine.jdbc.spi.SqlExceptionHelper [SpringApplicationShutdownHook] SQL Error: 90121, SQLState: 90121
2023-03-04 16:20:42,725 ERROR org.hibernate.engine.jdbc.spi.SqlExceptionHelper [SpringApplicationShutdownHook] La base de datos ya esta cerrada (para des-habilitar el cerrado automatico durante el shutdown de la VM, agregue ";DB_CLOSE_ON_EXIT=FALSE" a la URL de conexión)
Database is already closed (to disable automatic closing at VM shutdown, add ";DB_CLOSE_ON_EXIT=FALSE" to the db URL) [90121-214]
2023-03-04 16:20:42,729 WARN org.hibernate.engine.jdbc.spi.SqlExceptionHelper [SpringApplicationShutdownHook] SQL Error: 90121, SQLState: 90121
2023-03-04 16:20:42,730 ERROR org.hibernate.engine.jdbc.spi.SqlExceptionHelper [SpringApplicationShutdownHook] La base de datos ya esta cerrada (para des-habilitar el cerrado automatico durante el shutdown de la VM, agregue ";DB_CLOSE_ON_EXIT=FALSE" a la URL de conexión)
Database is already closed (to disable automatic closing at VM shutdown, add ";DB_CLOSE_ON_EXIT=FALSE" to the db URL) [90121-214]
2023-03-04 16:20:42,731 WARN org.springframework.beans.factory.support.DisposableBeanAdapter [SpringApplicationShutdownHook] Invocation of destroy method failed on bean with name 'entityManagerFactory': org.hibernate.exception.JDBCConnectionException: Unable to release JDBC Connection used for DDL execution
2023-03-04 16:20:42,734 INFO com.zaxxer.hikari.HikariDataSource [SpringApplicationShutdownHook] HikariPool-1 - Shutdown initiated...
2023-03-04 16:20:42,752 INFO com.zaxxer.hikari.HikariDataSource [SpringApplicationShutdownHook] HikariPool-1 - Shutdown completed.
